<?xml version="1.0" encoding="UTF-8"?>
<!-- Generated by org.testng.reporters.JUnitReportReporter -->
<testsuite hostname="LAPTOP-M6KPB32D" failures="0" tests="2" name="com.InstagramFollowers.TestRun" time="11.976" errors="0" timestamp="2024-06-06T22:04:01 IST" skipped="0">
  <testcase classname="com.InstagramFollowers.TestRun" name="launchBrowserAndUrl" time="6.592"/>
  <testcase classname="com.InstagramFollowers.TestRun" name="GetFollowerCount" time="5.384"/>
</testsuite> <!-- com.InstagramFollowers.TestRun -->
